#
# A fatal error has been detected by the Java Runtime Environment:
#
#  Internal Error (classFileParser.cpp:3161), pid=5988, tid=11988
#  Error: ShouldNotReachHere()
#
# JRE version: 6.0_21-b06
# Java VM: Java HotSpot(TM) Client VM (17.0-b16 mixed mode windows-x86 )
# If you would like to submit a bug report, please visit:
#   http://java.sun.com/webapps/bugreport/crash.jsp
#

---------------  T H R E A D  ---------------

Current thread (0x01269000):  JavaThread "Unknown thread" [_thread_in_vm, id=11988, stack(0x00380000,0x003d0000)]

Stack: [0x00380000,0x003d0000],  sp=0x003cf880,  free space=13e003cf890k
Native frames: (J=compiled Java code, j=interpreted, Vv=VM code, C=native code)
V  [jvm.dll+0x1fd090]
V  [jvm.dll+0xa47c9]
V  [jvm.dll+0x75f01]
V  [jvm.dll+0x775a4]
V  [jvm.dll+0x1cbcb5]
V  [jvm.dll+0x1cc3ed]
V  [jvm.dll+0x1cc7a5]
V  [jvm.dll+0x1cc7eb]
V  [jvm.dll+0x1cc912]
V  [jvm.dll+0x1cc98a]
V  [jvm.dll+0x1cce3d]
V  [jvm.dll+0x1cd252]
V  [jvm.dll+0x1eceb3]
V  [jvm.dll+0x1ed28c]
V  [jvm.dll+0xdb721]
V  [jvm.dll+0x1e6618]
V  [jvm.dll+0x1065d0]
C  [javaw.exe+0x1657]
C  [javaw.exe+0x1e2c]
C  [javaw.exe+0x8614]
C  [kernel32.dll+0x51154]
C  [ntdll.dll+0x5b299]
C  [ntdll.dll+0x5b26c]


---------------  P R O C E S S  ---------------

Java Threads: ( => current thread )

Other Threads:

=>0x01269000 (exited) JavaThread "Unknown thread" [_thread_in_vm, id=11988, stack(0x00380000,0x003d0000)]

VM state:not at safepoint (not fully initialized)

VM Mutex/Monitor currently owned by a thread: None

Dynamic libraries:
0x00400000 - 0x00424000 	C:\Program Files\Java\jdk1.6.0_21\bin\javaw.exe
0x77b60000 - 0x77c9c000 	C:\Windows\SYSTEM32\ntdll.dll
0x762a0000 - 0x76374000 	C:\Windows\system32\kernel32.dll
0x75e50000 - 0x75e9b000 	C:\Windows\system32\KERNELBASE.dll
0x77400000 - 0x774a0000 	C:\Windows\system32\ADVAPI32.dll
0x761f0000 - 0x7629c000 	C:\Windows\system32\msvcrt.dll
0x77d70000 - 0x77d89000 	C:\Windows\SYSTEM32\sechost.dll
0x77a60000 - 0x77b01000 	C:\Windows\system32\RPCRT4.dll
0x766e0000 - 0x767a9000 	C:\Windows\system32\USER32.dll
0x77d20000 - 0x77d6e000 	C:\Windows\system32\GDI32.dll
0x75ff0000 - 0x75ffa000 	C:\Windows\system32\LPK.dll
0x775c0000 - 0x7765d000 	C:\Windows\system32\USP10.dll
0x77ca0000 - 0x77cbf000 	C:\Windows\system32\IMM32.DLL
0x778d0000 - 0x7799c000 	C:\Windows\system32\MSCTF.dll
0x7c340000 - 0x7c396000 	C:\Program Files\Java\jdk1.6.0_21\jre\bin\msvcr71.dll
0x6d8b0000 - 0x6db57000 	C:\Program Files\Java\jdk1.6.0_21\jre\bin\client\jvm.dll
0x751d0000 - 0x75202000 	C:\Windows\system32\WINMM.dll
0x75c20000 - 0x75c6b000 	C:\Windows\system32\apphelp.dll
0x6d860000 - 0x6d86c000 	C:\Program Files\Java\jdk1.6.0_21\jre\bin\verify.dll
0x6d3e0000 - 0x6d3ff000 	C:\Program Files\Java\jdk1.6.0_21\jre\bin\java.dll
0x6d340000 - 0x6d348000 	C:\Program Files\Java\jdk1.6.0_21\jre\bin\hpi.dll
0x77cd0000 - 0x77cd5000 	C:\Windows\system32\PSAPI.DLL
0x6d8a0000 - 0x6d8af000 	C:\Program Files\Java\jdk1.6.0_21\jre\bin\zip.dll

VM Arguments:
jvm_args: -Dfile.encoding=GBK -Xbootclasspath:G:\Android\android-sdk-windows\platforms\android-10\android.jar 
java_command: cn.edu.shiep.utils.DateUtil
Launcher Type: SUN_STANDARD

Environment Variables:
JAVA_HOME=C:\Program Files\Java\jdk1.6.0_21
PATH=C:/Program Files/Java/jdk1.6.0_21/bin/../jre/bin/client;C:/Program Files/Java/jdk1.6.0_21/bin/../jre/bin;C:/Program Files/Java/jdk1.6.0_21/bin/../jre/lib/i386;G:\app\SW\product\11.2.0\dbhome_1\bin;G:\oracle\product\10.2.0\client_1;G:\app\SW\product\11.2.0\client_1;c:\php;C:\Program Files\Java\jdk1.6.0_21\bin;C:\Windows\system32;C:\Windows;C:\Windows\System32\Wbem;C:\Windows\System32\WindowsPowerShell\v1.0\;D:\ZendFramework-1.10.2\bin;D:\svn\bin;D:\Subversion\bin;D:\Program Files\SecureFX;C:\Program Files\Microsoft SQL Server\100\Tools\Binn\;C:\Program Files\Microsoft SQL Server\100\DTS\Binn\;C:\Program Files\MySQL\MySQL Server 5.1\bin;C:\Program Files\TortoiseGit\bin;F:\java\eclipse\AndroidIDE\eclipse;
USERNAME=SW
OS=Windows_NT
PROCESSOR_IDENTIFIER=x86 Family 6 Model 23 Stepping 10, GenuineIntel



---------------  S Y S T E M  ---------------

OS: Windows 7 Build 7600 

CPU:total 2 (2 cores per cpu, 1 threads per core) family 6 model 23 stepping 10, cmov, cx8, fxsr, mmx, sse, sse2, sse3, ssse3

Memory: 4k page, physical 2094036k(390384k free), swap 4282956k(501692k free)

vm_info: Java HotSpot(TM) Client VM (17.0-b16) for windows-x86 JRE (1.6.0_21-b06), built on Jun 22 2010 00:56:49 by "java_re" with MS VC++ 7.1 (VS2003)

time: Sat Apr 20 21:40:25 2013
elapsed time: 0 seconds

